
> stxryai@0.1.0 type-check
> tsc --noEmit

src/components/dashboard/EnergyWidget.test.tsx(26,38): error TS2339: Property 'toBeInTheDocument' does not exist on type 'JestMatchers<HTMLElement>'.
src/components/dashboard/EnergyWidget.test.tsx(27,41): error TS2339: Property 'toBeInTheDocument' does not exist on type 'JestMatchers<HTMLElement>'.
src/components/dashboard/EnergyWidget.test.tsx(41,27): error TS2339: Property 'toHaveStyle' does not exist on type 'JestMatchers<HTMLElement>'.
src/components/dashboard/EnergyWidget.test.tsx(57,50): error TS2339: Property 'toBeInTheDocument' does not exist on type 'JestMatchers<HTMLElement>'.
src/components/dashboard/EnergyWidget.test.tsx(74,41): error TS2339: Property 'toBeInTheDocument' does not exist on type 'JestMatchers<HTMLElement>'.
src/components/dashboard/EnergyWidget.test.tsx(80,44): error TS2339: Property 'toBeInTheDocument' does not exist on type 'JestMatchers<HTMLElement>'.
src/components/dashboard/EnergyWidget.test.tsx(94,46): error TS2339: Property 'toBeInTheDocument' does not exist on type 'JestMatchers<HTMLElement>'.
src/components/dashboard/EnergyWidget.test.tsx(95,56): error TS2339: Property 'toBeInTheDocument' does not exist on type 'Matchers<void, HTMLElement | null>'.
src/components/dashboard/EnergyWidget.test.tsx(108,55): error TS2339: Property 'toBeInTheDocument' does not exist on type 'JestMatchers<HTMLElement>'.
src/components/dashboard/EnergyWidget.test.tsx(122,27): error TS2339: Property 'toHaveClass' does not exist on type 'JestMatchers<HTMLElement>'.
src/components/dashboard/EnergyWidget.test.tsx(136,27): error TS2339: Property 'toHaveClass' does not exist on type 'JestMatchers<HTMLElement>'.
src/components/dashboard/EnergyWidget.test.tsx(151,37): error TS2339: Property 'toBeInTheDocument' does not exist on type 'JestMatchers<HTMLElement>'.
src/components/dashboard/EnergyWidget.test.tsx(152,38): error TS2339: Property 'toBeInTheDocument' does not exist on type 'JestMatchers<HTMLElement>'.
src/components/dashboard/EnergyWidget.test.tsx(168,56): error TS2339: Property 'toBeInTheDocument' does not exist on type 'Matchers<void, HTMLElement | null>'.
src/components/dashboard/EnergyWidget.test.tsx(183,11): error TS2322: Type '{ currentEnergy: number; maxEnergy: number; isPremium: false; variant: "full"; onUpgrade: Mock<any, any, any>; }' is not assignable to type 'IntrinsicAttributes & EnergyWidgetProps'.
  Property 'onUpgrade' does not exist on type 'IntrinsicAttributes & EnergyWidgetProps'.
src/components/dashboard/EnergyWidget.test.tsx(205,37): error TS2339: Property 'toBeInTheDocument' does not exist on type 'JestMatchers<HTMLElement>'.
src/components/dashboard/EnergyWidget.test.tsx(207,27): error TS2339: Property 'toHaveStyle' does not exist on type 'JestMatchers<HTMLElement>'.
src/components/dashboard/EnergyWidget.test.tsx(220,39): error TS2339: Property 'toBeInTheDocument' does not exist on type 'JestMatchers<HTMLElement>'.
src/components/dashboard/EnergyWidget.test.tsx(221,56): error TS2339: Property 'toBeInTheDocument' does not exist on type 'Matchers<void, HTMLElement | null>'.
src/components/dashboard/EnergyWidget.test.tsx(234,38): error TS2339: Property 'toBeInTheDocument' does not exist on type 'JestMatchers<HTMLElement>'.
src/components/dashboard/EnergyWidget.test.tsx(235,41): error TS2339: Property 'toBeInTheDocument' does not exist on type 'JestMatchers<HTMLElement>'.
src/components/dashboard/EnergyWidget.test.tsx(238,27): error TS2339: Property 'toHaveStyle' does not exist on type 'JestMatchers<HTMLElement>'.
src/components/dashboard/EnergyWidget.test.tsx(254,27): error TS2339: Property 'toHaveAttribute' does not exist on type 'JestMatchers<HTMLElement>'.
src/components/dashboard/EnergyWidget.test.tsx(255,27): error TS2339: Property 'toHaveAttribute' does not exist on type 'JestMatchers<HTMLElement>'.
src/components/dashboard/EnergyWidget.test.tsx(256,27): error TS2339: Property 'toHaveAttribute' does not exist on type 'JestMatchers<HTMLElement>'.
src/components/dashboard/EnergyWidget.test.tsx(269,11): error TS2322: Type '{ currentEnergy: number; maxEnergy: number; isPremium: false; variant: "full"; onUpgrade: Mock<any, any, any>; }' is not assignable to type 'IntrinsicAttributes & EnergyWidgetProps'.
  Property 'onUpgrade' does not exist on type 'IntrinsicAttributes & EnergyWidgetProps'.
src/components/dashboard/QuickStatsWidget.tsx(240,20): error TS2353: Object literal may only specify known properties, and 'textContent' does not exist in type 'string[] | TargetAndTransition'.
src/components/dashboard/QuickStatsWidget.tsx(241,20): error TS2353: Object literal may only specify known properties, and 'textContent' does not exist in type 'string[] | TargetAndTransition | LegacyAnimationControls'.
src/components/mobile/MobileStoryCard.test.tsx(18,52): error TS2339: Property 'toBeInTheDocument' does not exist on type 'JestMatchers<HTMLElement>'.
src/components/mobile/MobileStoryCard.test.tsx(19,61): error TS2339: Property 'toBeInTheDocument' does not exist on type 'JestMatchers<HTMLElement>'.
src/components/mobile/MobileStoryCard.test.tsx(20,52): error TS2339: Property 'toBeInTheDocument' does not exist on type 'JestMatchers<HTMLElement>'.
src/components/mobile/MobileStoryCard.test.tsx(31,39): error TS2339: Property 'toBeInTheDocument' does not exist on type 'JestMatchers<HTMLElement>'.
src/components/mobile/MobileStoryCard.test.tsx(32,41): error TS2339: Property 'toBeInTheDocument' does not exist on type 'JestMatchers<HTMLElement>'.
src/components/mobile/MobileStoryCard.test.tsx(33,41): error TS2339: Property 'toBeInTheDocument' does not exist on type 'JestMatchers<HTMLElement>'.
src/components/mobile/MobileStoryCard.test.tsx(46,44): error TS2339: Property 'toBeInTheDocument' does not exist on type 'JestMatchers<HTMLElement>'.
src/components/mobile/MobileStoryCard.test.tsx(57,50): error TS2339: Property 'toBeInTheDocument' does not exist on type 'Matchers<void, HTMLElement | null>'.
src/components/mobile/MobileStoryCard.test.tsx(90,52): error TS2339: Property 'toBeInTheDocument' does not exist on type 'JestMatchers<HTMLElement>'.
src/components/mobile/MobileStoryCard.test.tsx(91,61): error TS2339: Property 'toBeInTheDocument' does not exist on type 'JestMatchers<HTMLElement>'.
src/components/mobile/MobileStoryCard.test.tsx(102,41): error TS2339: Property 'toBeInTheDocument' does not exist on type 'JestMatchers<HTMLElement>'.
src/components/mobile/MobileStoryCard.test.tsx(103,41): error TS2339: Property 'toBeInTheDocument' does not exist on type 'JestMatchers<HTMLElement>'.
src/components/mobile/MobileStoryCard.test.tsx(116,50): error TS2339: Property 'toBeInTheDocument' does not exist on type 'JestMatchers<HTMLElement>'.
src/components/mobile/MobileStoryCard.test.tsx(131,40): error TS2339: Property 'toBeInTheDocument' does not exist on type 'JestMatchers<HTMLElement>'.
src/components/mobile/MobileStoryCard.test.tsx(144,40): error TS2339: Property 'toBeInTheDocument' does not exist on type 'JestMatchers<HTMLElement>'.
src/components/mobile/MobileStoryCard.test.tsx(157,39): error TS2339: Property 'toBeInTheDocument' does not exist on type 'JestMatchers<HTMLElement>'.
src/components/mobile/MobileStoryCard.test.tsx(172,20): error TS2339: Property 'toBeInTheDocument' does not exist on type 'JestMatchers<ChildNode | null>'.
src/components/mobile/MobileStoryCard.test.tsx(187,48): error TS2339: Property 'toBeInTheDocument' does not exist on type 'JestMatchers<HTMLElement>'.
src/components/mobile/MobileStoryCard.test.tsx(197,49): error TS2339: Property 'toBeInTheDocument' does not exist on type 'JestMatchers<HTMLElement>'.
src/components/mobile/MobileStoryCard.test.tsx(198,51): error TS2339: Property 'toBeInTheDocument' does not exist on type 'JestMatchers<HTMLElement>'.
src/lib/ai/content-moderation.ts(108,63): error TS1501: This regular expression flag is only available when targeting 'es6' or later.
src/lib/ai/content-moderation.ts(240,31): error TS2345: Argument of type 'unknown' is not assignable to parameter of type 'number'.
src/lib/ai/content-moderation.ts(307,34): error TS2802: Type 'MapIterator<number>' can only be iterated through when using the '--downlevelIteration' flag or with a '--target' of 'es2015' or higher.
src/lib/auth/helpers.ts(42,12): error TS2339: Property 'tier' does not exist on type 'never'.
src/lib/auth/helpers.ts(46,38): error TS2339: Property 'tier' does not exist on type 'never'.
src/lib/auth/helpers.ts(64,23): error TS2339: Property 'user_id' does not exist on type 'never'.
src/lib/auth/helpers.ts(64,40): error TS2339: Property 'id' does not exist on type 'never'.
src/lib/auth/helpers.ts(75,12): error TS2339: Property 'tier' does not exist on type 'never'.
src/lib/auth/helpers.ts(75,39): error TS2339: Property 'tier' does not exist on type 'never'.
src/lib/auth/helpers.ts(79,15): error TS2339: Property 'energy' does not exist on type 'never'.
src/lib/auth/helpers.ts(86,12): error TS2339: Property 'tier' does not exist on type 'never'.
src/lib/auth/helpers.ts(86,39): error TS2339: Property 'tier' does not exist on type 'never'.
src/lib/auth/helpers.ts(90,12): error TS2339: Property 'energy' does not exist on type 'never'.
src/lib/auth/helpers.ts(98,13): error TS2345: Argument of type '{ energy: number; }' is not assignable to parameter of type 'never'.
src/lib/auth/helpers.ts(98,28): error TS2339: Property 'energy' does not exist on type 'never'.
src/lib/auth/helpers.ts(99,20): error TS2339: Property 'id' does not exist on type 'never'.
src/lib/auth/helpers.ts(116,22): error TS2339: Property 'xp' does not exist on type 'never'.
src/lib/auth/helpers.ts(117,31): error TS2339: Property 'level' does not exist on type 'never'.
src/lib/auth/helpers.ts(119,23): error TS2339: Property 'level' does not exist on type 'never'.
src/lib/auth/helpers.ts(121,21): error TS2339: Property 'level' does not exist on type 'never'.
src/lib/auth/helpers.ts(126,13): error TS2345: Argument of type '{ xp: any; level: any; }' is not assignable to parameter of type 'never'.
src/lib/auth/helpers.ts(145,30): error TS2339: Property 'requirement_value' does not exist on type 'never'.
src/lib/auth/helpers.ts(151,43): error TS2339: Property 'id' does not exist on type 'never'.
src/lib/auth/helpers.ts(154,48): error TS2339: Property 'unlocked_at' does not exist on type 'never'.
src/lib/auth/helpers.ts(158,12): error TS2769: No overload matches this call.
  Overload 1 of 2, '(values: never, options?: { onConflict?: string | undefined; ignoreDuplicates?: boolean | undefined; count?: "exact" | "planned" | "estimated" | undefined; } | undefined): PostgrestFilterBuilder<{ ...; }, ... 5 more ..., "POST">', gave the following error.
    Argument of type '{ user_id: string; achievement_id: any; progress: any; unlocked_at: string; }' is not assignable to parameter of type 'never'.
  Overload 2 of 2, '(values: never[], options?: { onConflict?: string | undefined; ignoreDuplicates?: boolean | undefined; count?: "exact" | "planned" | "estimated" | undefined; defaultToNull?: boolean | undefined; } | undefined): PostgrestFilterBuilder<...>', gave the following error.
    Object literal may only specify known properties, and 'user_id' does not exist in type 'never[]'.
src/lib/auth/helpers.ts(160,41): error TS2339: Property 'id' does not exist on type 'never'.
src/lib/auth/helpers.ts(161,35): error TS2339: Property 'requirement_value' does not exist on type 'never'.
src/lib/auth/helpers.ts(166,43): error TS2339: Property 'xp_reward' does not exist on type 'never'.
src/lib/auth/helpers.ts(169,46): error TS2769: No overload matches this call.
  Overload 1 of 2, '(values: never, options?: { count?: "exact" | "planned" | "estimated" | undefined; } | undefined): PostgrestFilterBuilder<{ PostgrestVersion: "12"; }, never, never, null, "notifications", never, "POST">', gave the following error.
    Argument of type '{ user_id: string; type: string; title: string; message: string; link: string; }' is not assignable to parameter of type 'never'.
  Overload 2 of 2, '(values: never[], options?: { count?: "exact" | "planned" | "estimated" | undefined; defaultToNull?: boolean | undefined; } | undefined): PostgrestFilterBuilder<{ PostgrestVersion: "12"; }, never, never, null, "notifications", never, "POST">', gave the following error.
    Object literal may only specify known properties, and 'user_id' does not exist in type 'never[]'.
src/lib/auth/helpers.ts(173,49): error TS2339: Property 'title' does not exist on type 'never'.
src/lib/storage/upload.ts(32,35): error TS18047: 'supabase' is possibly 'null'.
src/lib/storage/upload.ts(47,31): error TS18047: 'supabase' is possibly 'null'.
src/lib/storage/upload.ts(104,29): error TS18047: 'supabase' is possibly 'null'.
src/lib/storage/upload.ts(127,35): error TS18047: 'supabase' is possibly 'null'.
src/lib/storage/upload.ts(148,35): error TS18047: 'supabase' is possibly 'null'.
src/lib/storage/upload.ts(165,20): error TS18047: 'supabase' is possibly 'null'.
src/lib/stripe/server.ts(4,3): error TS2322: Type '"2024-11-20.acacia"' is not assignable to type '"2025-02-24.acacia"'.
src/utils/test-helpers.ts(97,5): error TS2377: Constructors for derived classes must contain a 'super' call.
src/utils/test-helpers.ts(101,31): error TS2556: A spread argument must either have a tuple type or be passed to a rest parameter.
src/utils/test-helpers.ts(392,5): error TS2322: Type '3' is not assignable to type '1'.
src/utils/test-utils.tsx(268,18): error TS2686: 'React' refers to a UMD global, but the current file is a module. Consider adding an import instead.
src/utils/test-utils.tsx(269,13): error TS2686: 'React' refers to a UMD global, but the current file is a module. Consider adding an import instead.
src/utils/test-utils.tsx(282,18): error TS7006: Parameter 'arg' implicitly has an 'any' type.
